/home/ht/Documents/code/python/flask/Sketcher
/home/ht/Documents/code/python/flask/Sketcher
/home/ht/Documents/code/python/flask/Sketcher/uploads/
saving /home/ht/Documents/code/python/flask/Sketcher/uploads/train_00_0299.png
/home/ht/Documents/code/python/flask/Sketcher
/home/ht/Documents/code/python/flask/Sketcher/uploads/
saving /home/ht/Documents/code/python/flask/Sketcher/uploads/-images-characters-2-34293.jpg
/home/ht/Documents/code/python/flask/Sketcher
/home/ht/Documents/code/python/flask/Sketcher/uploads/
saving /home/ht/Documents/code/python/flask/Sketcher/uploads/-images-characters-2-34293.jpg
/home/ht/Documents/code/python/flask/Sketcher
/home/ht/Documents/code/python/flask/Sketcher/uploads/
saving /home/ht/Documents/code/python/flask/Sketcher/uploads/-images-characters-2-34293.jpg
/home/ht/Documents/code/python/flask/Sketcher
/home/ht/Documents/code/python/flask/Sketcher/uploads/
saving /home/ht/Documents/code/python/flask/Sketcher/uploads/-images-characters-2-34293.jpg
/home/ht/Documents/code/python/flask/Sketcher
/home/ht/Documents/code/python/flask/Sketcher/uploads/
saving /home/ht/Documents/code/python/flask/Sketcher/uploads/-images-characters-2-34293.jpg
/home/ht/Documents/code/python/flask/Sketcher
/home/ht/Documents/code/python/flask/Sketcher/uploads/
saving /home/ht/Documents/code/python/flask/Sketcher/uploads/-images-characters-2-34293.jpg
/home/ht/Documents/code/python/flask/Sketcher
/home/ht/Documents/code/python/flask/Sketcher/uploads/
saving /home/ht/Documents/code/python/flask/Sketcher/uploads/-images-characters-2-34293.jpg
/home/ht/Documents/code/python/flask/Sketcher
/home/ht/Documents/code/python/flask/Sketcher/uploads/
saving /home/ht/Documents/code/python/flask/Sketcher/uploads/-images-characters-2-34293.jpg
/home/ht/Documents/code/python/flask/Sketcher
/home/ht/Documents/code/python/flask/Sketcher/uploads/
saving /home/ht/Documents/code/python/flask/Sketcher/uploads/-images-characters-2-34293.jpg
/home/ht/Documents/code/python/flask/Sketcher
/home/ht/Documents/code/python/flask/Sketcher/uploads/
saving /home/ht/Documents/code/python/flask/Sketcher/uploads/-images-characters-2-34293.jpg
/home/ht/Documents/code/python/flask/Sketcher
/home/ht/Documents/code/python/flask/Sketcher/uploads/
saving /home/ht/Documents/code/python/flask/Sketcher/uploads/-images-characters-2-34293.jpg
/home/ht/Documents/code/python/flask/Sketcher
/home/ht/Documents/code/python/flask/Sketcher/uploads/
saving /home/ht/Documents/code/python/flask/Sketcher/uploads/-images-characters-2-34293.jpg
/home/ht/Documents/code/python/flask/Sketcher
/home/ht/Documents/code/python/flask/Sketcher/uploads/
saving /home/ht/Documents/code/python/flask/Sketcher/uploads/-images-characters-2-34293.jpg
/home/ht/Documents/code/python/flask/Sketcher
/home/ht/Documents/code/python/flask/Sketcher/uploads/
saving /home/ht/Documents/code/python/flask/Sketcher/uploads/-images-characters-2-34293.jpg
/home/ht/Documents/code/python/flask/Sketcher
/home/ht/Documents/code/python/flask/Sketcher/uploads/
saving /home/ht/Documents/code/python/flask/Sketcher/uploads/-images-characters-2-34293.jpg
/home/ht/Documents/code/python/flask/Sketcher
/home/ht/Documents/code/python/flask/Sketcher/uploads/
saving /home/ht/Documents/code/python/flask/Sketcher/uploads/-images-characters-2-34293.jpg
/home/ht/Documents/code/python/flask/Sketcher
/home/ht/Documents/code/python/flask/Sketcher/uploads/
saving /home/ht/Documents/code/python/flask/Sketcher/uploads/-images-characters-2-34293.jpg
/home/ht/Documents/code/python/flask/Sketcher
/home/ht/Documents/code/python/flask/Sketcher/uploads/
/home/ht/Documents/code/python/flask/Sketcher
/home/ht/Documents/code/python/flask/Sketcher/uploads/
saving /home/ht/Documents/code/python/flask/Sketcher/uploads/-images-characters-2-34293.jpg
/home/ht/Documents/code/python/flask/Sketcher
/home/ht/Documents/code/python/flask/Sketcher/uploads/
saving /home/ht/Documents/code/python/flask/Sketcher/uploads/-images-characters-2-34293.jpg
/home/ht/Documents/code/python/flask/Sketcher
/home/ht/Documents/code/python/flask/Sketcher/uploads/
saving /home/ht/Documents/code/python/flask/Sketcher/uploads/-images-characters-2-34293.jpg
/home/ht/Documents/code/python/flask/Sketcher
/home/ht/Documents/code/python/flask/Sketcher/uploads/
saving /home/ht/Documents/code/python/flask/Sketcher/uploads/-images-characters-2-34293.jpg
/home/ht/Documents/code/python/flask/Sketcher
/home/ht/Documents/code/python/flask/Sketcher/uploads/
saving /home/ht/Documents/code/python/flask/Sketcher/uploads/-images-characters-2-34293.jpg
/home/ht/Documents/code/python/flask/Sketcher
/home/ht/Documents/code/python/flask/Sketcher/uploads/
saving /home/ht/Documents/code/python/flask/Sketcher/uploads/-images-characters-2-34293.jpg
/home/ht/Documents/code/python/flask/Sketcher
/home/ht/Documents/code/python/flask/Sketcher/uploads/
saving /home/ht/Documents/code/python/flask/Sketcher/uploads/-images-characters-2-34293.jpg
/home/ht/Documents/code/python/flask/Sketcher
/home/ht/Documents/code/python/flask/Sketcher/uploads/
saving /home/ht/Documents/code/python/flask/Sketcher/uploads/-images-characters-2-34293.jpg
/home/ht/Documents/code/python/flask/Sketcher
/home/ht/Documents/code/python/flask/Sketcher/uploads/
saving /home/ht/Documents/code/python/flask/Sketcher/uploads/-images-characters-2-34293.jpg
/home/ht/Documents/code/python/flask/Sketcher
/home/ht/Documents/code/python/flask/Sketcher/uploads/
saving /home/ht/Documents/code/python/flask/Sketcher/uploads/-images-characters-2-34293.jpg
/home/ht/Documents/code/python/flask/Sketcher
/home/ht/Documents/code/python/flask/Sketcher/uploads/
saving /home/ht/Documents/code/python/flask/Sketcher/uploads/-images-characters-2-34293.jpg
/home/ht/Documents/code/python/flask/Sketcher
/home/ht/Documents/code/python/flask/Sketcher/uploads/
saving /home/ht/Documents/code/python/flask/Sketcher/uploads/-images-characters-2-34293.jpg
/home/ht/Documents/code/python/flask/Sketcher
/home/ht/Documents/code/python/flask/Sketcher/uploads/
saving /home/ht/Documents/code/python/flask/Sketcher/uploads/-images-characters-2-34293.jpg
/home/ht/Documents/code/python/flask/Sketcher
/home/ht/Documents/code/python/flask/Sketcher/uploads/
saving /home/ht/Documents/code/python/flask/Sketcher/uploads/-images-characters-2-34293.jpg
/home/ht/Documents/code/python/flask/Sketcher
/home/ht/Documents/code/python/flask/Sketcher/uploads/
saving /home/ht/Documents/code/python/flask/Sketcher/uploads/-images-characters-2-34293.jpg
/home/ht/Documents/code/python/flask/Sketcher
/home/ht/Documents/code/python/flask/Sketcher/uploads/
saving /home/ht/Documents/code/python/flask/Sketcher/uploads/1.jpg
/home/ht/Documents/code/python/flask/Sketcher
/home/ht/Documents/code/python/flask/Sketcher/uploads/
saving /home/ht/Documents/code/python/flask/Sketcher/uploads/1.jpg
/home/ht/Documents/code/python/flask/Sketcher
/home/ht/Documents/code/python/flask/Sketcher/uploads/
saving /home/ht/Documents/code/python/flask/Sketcher/uploads/1.jpg
/home/ht/Documents/code/python/flask/Sketcher
/home/ht/Documents/code/python/flask/Sketcher/uploads/
saving /home/ht/Documents/code/python/flask/Sketcher/uploads/0_-images-characters-2-31498.jpg
/home/ht/Documents/code/python/flask/Sketcher
/home/ht/Documents/code/python/flask/Sketcher/uploads/
saving /home/ht/Documents/code/python/flask/Sketcher/uploads/-images-characters-2-38218.jpg
/home/ht/Documents/code/python/flask/Sketcher
/home/ht/Documents/code/python/flask/Sketcher/uploads/
saving /home/ht/Documents/code/python/flask/Sketcher/uploads/-images-characters-2-75175.jpg
/home/ht/Documents/code/python/flask/Sketcher
/home/ht/Documents/code/python/flask/Sketcher/uploads/
saving /home/ht/Documents/code/python/flask/Sketcher/uploads/-images-characters-3-148223.jpg
/home/ht/Documents/code/python/flask/Sketcher
/home/ht/Documents/code/python/flask/Sketcher/uploads/
saving /home/ht/Documents/code/python/flask/Sketcher/uploads/-images-characters-3-148223.jpg
/home/ht/Documents/code/python/flask/Sketcher
/home/ht/Documents/code/python/flask/Sketcher/uploads/
saving /home/ht/Documents/code/python/flask/Sketcher/uploads/-images-characters-3-148223.jpg
/home/ht/Documents/code/python/flask/Sketcher
/home/ht/Documents/code/python/flask/Sketcher/uploads/
saving /home/ht/Documents/code/python/flask/Sketcher/uploads/-images-characters-3-148223.jpg
/home/ht/Documents/code/python/flask/Sketcher
/home/ht/Documents/code/python/flask/Sketcher/uploads/
saving /home/ht/Documents/code/python/flask/Sketcher/uploads/-images-characters-3-148223.jpg
/home/ht/Documents/code/python/flask/Sketcher
/home/ht/Documents/code/python/flask/Sketcher/uploads/
saving /home/ht/Documents/code/python/flask/Sketcher/uploads/-images-characters-16-351695.jpg
/home/ht/Documents/code/python/flask/Sketcher
/home/ht/Documents/code/python/flask/Sketcher/uploads/
saving /home/ht/Documents/code/python/flask/Sketcher/uploads/-images-characters-16-342236.jpg
/home/ht/Documents/code/python/flask/Sketcher
/home/ht/Documents/code/python/flask/Sketcher
/home/ht/Documents/code/python/flask/Sketcher
/home/ht/Documents/code/python/flask/Sketcher
/home/ht/Documents/code/python/flask/Sketcher
/home/ht/Documents/code/python/flask/Sketcher
/home/ht/Documents/code/python/flask/Sketcher
/home/ht/Documents/code/python/flask/Sketcher/uploads/
saving /home/ht/Documents/code/python/flask/Sketcher/uploads/-images-characters-2-71066.jpg
/home/ht/Documents/code/python/flask/Sketcher
/home/ht/Documents/code/python/flask/Sketcher/uploads/
saving /home/ht/Documents/code/python/flask/Sketcher/uploads/-images-characters-2-57181.jpg
/home/ht/Documents/code/python/flask/Sketcher
/home/ht/Documents/code/python/flask/Sketcher
/home/ht/Documents/code/python/flask/Sketcher
/home/ht/Documents/code/python/flask/Sketcher/uploads/
saving /home/ht/Documents/code/python/flask/Sketcher/uploads/-images-characters-2-38218.jpg
/home/ht/Documents/code/python/flask/Sketcher
/home/ht/Documents/code/python/flask/Sketcher/uploads/
saving /home/ht/Documents/code/python/flask/Sketcher/uploads/static/imgs/-images-characters-2-57181.jpg
/home/ht/Documents/code/python/flask/Sketcher
/home/ht/Documents/code/python/flask/Sketcher/uploads/
saving /home/ht/Documents/code/python/flask/Sketcher/uploads/-images-characters-2-48468.jpg
/home/ht/Documents/code/python/flask/Sketcher
/home/ht/Documents/code/python/flask/Sketcher/uploads/
saving /home/ht/Documents/code/python/flask/Sketcher/uploads/-images-characters-2-57181.jpg
/home/ht/Documents/code/python/flask/Sketcher
/home/ht/Documents/code/python/flask/Sketcher
/home/ht/Documents/code/python/flask/Sketcher/uploads/
saving /home/ht/Documents/code/python/flask/Sketcher/uploads/-images-characters-2-57181.jpg
/home/ht/Documents/code/python/flask/Sketcher
/home/ht/Documents/code/python/flask/Sketcher/uploads/
saving /home/ht/Documents/code/python/flask/Sketcher/uploads/-images-characters-2-48468.jpg
/home/ht/Documents/code/python/flask/Sketcher
/home/ht/Documents/code/python/flask/Sketcher/uploads/
saving /home/ht/Documents/code/python/flask/Sketcher/uploads/-images-characters-2-48468.jpg
/home/ht/Documents/code/python/flask/Sketcher
/home/ht/Documents/code/python/flask/Sketcher/uploads/
saving /home/ht/Documents/code/python/flask/Sketcher/uploads/-images-characters-2-57181.jpg
/home/ht/Documents/code/python/flask/Sketcher
/home/ht/Documents/code/python/flask/Sketcher/uploads/
saving /home/ht/Documents/code/python/flask/Sketcher/uploads/-images-characters-2-71066.jpg
/home/ht/Documents/code/python/flask/Sketcher
/home/ht/Documents/code/python/flask/Sketcher/uploads/
saving /home/ht/Documents/code/python/flask/Sketcher/uploads/-images-characters-2-71066.jpg
/home/ht/Documents/code/python/flask/Sketcher
/home/ht/Documents/code/python/flask/Sketcher/uploads/
saving /home/ht/Documents/code/python/flask/Sketcher/uploads/-images-characters-2-71066.jpg
/home/ht/Documents/code/python/flask/Sketcher
/home/ht/Documents/code/python/flask/Sketcher
/home/ht/Documents/code/python/flask/Sketcher/uploads/
saving /home/ht/Documents/code/python/flask/Sketcher/uploads/-images-characters-2-71066.jpg
/home/ht/Documents/code/python/flask/Sketcher
/home/ht/Documents/code/python/flask/Sketcher/uploads/
saving /home/ht/Documents/code/python/flask/Sketcher/uploads/-images-characters-2-38218.jpg
/home/ht/Documents/code/python/flask/Sketcher
/home/ht/Documents/code/python/flask/Sketcher/uploads/
saving /home/ht/Documents/code/python/flask/Sketcher/uploads/-images-characters-2-48517.jpg
/home/ht/Documents/code/python/flask/Sketcher
/home/ht/Documents/code/python/flask/Sketcher/uploads/
saving /home/ht/Documents/code/python/flask/Sketcher/uploads/-images-characters-2-57181.jpg
/home/ht/Documents/code/python/flask/Sketcher
/home/ht/Documents/code/python/flask/Sketcher/uploads/
saving /home/ht/Documents/code/python/flask/Sketcher/uploads/-images-characters-2-72220.jpg
/home/ht/Documents/code/python/flask/Sketcher
/home/ht/Documents/code/python/flask/Sketcher/uploads/
saving /home/ht/Documents/code/python/flask/Sketcher/uploads/-images-characters-2-72220.jpg
/home/ht/Documents/code/python/flask/Sketcher
/home/ht/Documents/code/python/flask/Sketcher/uploads/
saving /home/ht/Documents/code/python/flask/Sketcher/uploads/-images-characters-2-34293.jpg
/home/ht/Documents/code/python/flask/Sketcher
/home/ht/Documents/code/python/flask/Sketcher/uploads/
saving /home/ht/Documents/code/python/flask/Sketcher/uploads/-images-characters-2-34293.jpg
/home/ht/Documents/code/python/flask/Sketcher
/home/ht/Documents/code/python/flask/Sketcher/uploads/
saving /home/ht/Documents/code/python/flask/Sketcher/uploads/-images-characters-2-34293.jpg
/home/ht/Documents/code/python/flask/Sketcher
/home/ht/Documents/code/python/flask/Sketcher/uploads/
saving /home/ht/Documents/code/python/flask/Sketcher/uploads/-images-characters-2-38218.jpg
/home/ht/Documents/code/python/flask/Sketcher
/home/ht/Documents/code/python/flask/Sketcher/uploads/
saving /home/ht/Documents/code/python/flask/Sketcher/uploads/-images-characters-2-71066.jpg
/home/ht/Documents/code/python/flask/Sketcher
/home/ht/Documents/code/python/flask/Sketcher/uploads/
saving /home/ht/Documents/code/python/flask/Sketcher/uploads/-images-characters-2-48517.jpg
/home/ht/Documents/code/python/flask/Sketcher
/home/ht/Documents/code/python/flask/Sketcher/uploads/
saving /home/ht/Documents/code/python/flask/Sketcher/uploads/-images-characters-2-34293.jpg
/home/ht/Documents/code/python/flask/Sketcher
/home/ht/Documents/code/python/flask/Sketcher/uploads/
saving /home/ht/Documents/code/python/flask/Sketcher/uploads/-images-characters-2-38218.jpg
/home/ht/Documents/code/python/flask/Sketcher
/home/ht/Documents/code/python/flask/Sketcher/uploads/
saving /home/ht/Documents/code/python/flask/Sketcher/uploads/-images-characters-2-57181.jpg
/home/ht/Documents/code/python/flask/Sketcher
/home/ht/Documents/code/python/flask/Sketcher/uploads/
saving /home/ht/Documents/code/python/flask/Sketcher/uploads/images.jpg
/home/ht/Documents/code/python/flask/Sketcher
/home/ht/Documents/code/python/flask/Sketcher/uploads/
saving /home/ht/Documents/code/python/flask/Sketcher/uploads/out.jpg
/home/ht/Documents/code/python/flask/Sketcher
/home/ht/Documents/code/python/flask/Sketcher/uploads/
saving /home/ht/Documents/code/python/flask/Sketcher/uploads/out.jpg
/home/ht/Documents/code/python/flask/Sketcher
/home/ht/Documents/code/python/flask/Sketcher/uploads/
saving /home/ht/Documents/code/python/flask/Sketcher/uploads/out.jpg
/home/ht/Documents/code/python/flask/Sketcher
/home/ht/Documents/code/python/flask/Sketcher/uploads/
saving /home/ht/Documents/code/python/flask/Sketcher/uploads/out.jpg
/home/ht/Documents/code/python/flask/Sketcher
/home/ht/Documents/code/python/flask/Sketcher/uploads/
saving /home/ht/Documents/code/python/flask/Sketcher/uploads/out.jpg
/home/ht/Documents/code/python/flask/Sketcher
/home/ht/Documents/code/python/flask/Sketcher/uploads/
saving /home/ht/Documents/code/python/flask/Sketcher/uploads/out.jpg
/home/ht/Documents/code/python/flask/Sketcher
/home/ht/Documents/code/python/flask/Sketcher/uploads/
saving /home/ht/Documents/code/python/flask/Sketcher/uploads/out.jpg
/home/ht/Documents/code/python/flask/Sketcher
/home/ht/Documents/code/python/flask/Sketcher/uploads/
saving /home/ht/Documents/code/python/flask/Sketcher/uploads/out.jpg
/home/ht/Documents/code/python/flask/Sketcher
/home/ht/Documents/code/python/flask/Sketcher/uploads/
saving /home/ht/Documents/code/python/flask/Sketcher/uploads/out.jpg
/home/ht/Documents/code/python/flask/Sketcher
/home/ht/Documents/code/python/flask/Sketcher/uploads/
saving /home/ht/Documents/code/python/flask/Sketcher/uploads/out.jpg
/home/ht/Documents/code/python/flask/Sketcher
/home/ht/Documents/code/python/flask/Sketcher/uploads/
saving /home/ht/Documents/code/python/flask/Sketcher/uploads/-images-characters-2-71066.jpg
/home/ht/Documents/code/python/flask/Sketcher
/home/ht/Documents/code/python/flask/Sketcher/uploads/
saving /home/ht/Documents/code/python/flask/Sketcher/uploads/-images-characters-2-34293.jpg
/home/ht/Documents/code/python/flask/Sketcher
/home/ht/Documents/code/python/flask/Sketcher/uploads/
saving /home/ht/Documents/code/python/flask/Sketcher/uploads/-images-characters-2-57181.jpg
/home/ht/Documents/code/python/flask/Sketcher
/home/ht/Documents/code/python/flask/Sketcher/uploads/
saving /home/ht/Documents/code/python/flask/Sketcher/uploads/download.jpg
/home/ht/Documents/code/python/flask/Sketcher
/home/ht/Documents/code/python/flask/Sketcher/uploads/
saving /home/ht/Documents/code/python/flask/Sketcher/uploads/-images-characters-3-48467.jpg
/home/ht/Documents/code/python/flask/Sketcher
/home/ht/Documents/code/python/flask/Sketcher/uploads/
saving /home/ht/Documents/code/python/flask/Sketcher/uploads/-images-characters-2-327920.jpg
/home/ht/Documents/code/python/flask/Sketcher
/home/ht/Documents/code/python/flask/Sketcher/uploads/
saving /home/ht/Documents/code/python/flask/Sketcher/uploads/-images-characters-2-31564.jpg
/home/ht/Documents/code/python/flask/Sketcher
/home/ht/Documents/code/python/flask/Sketcher/uploads/
saving /home/ht/Documents/code/python/flask/Sketcher/uploads/-images-characters-2-38218.jpg
/home/ht/Documents/code/python/flask/Sketcher
/home/ht/Documents/code/python/flask/Sketcher/uploads/
saving /home/ht/Documents/code/python/flask/Sketcher/uploads/-images-characters-12-249417.jpg
/home/ht/Documents/code/python/flask/Sketcher
/home/ht/Documents/code/python/flask/Sketcher/uploads/
saving /home/ht/Documents/code/python/flask/Sketcher/uploads/-images-characters-13-273847.jpg
/home/ht/Documents/code/python/flask/Sketcher
/home/ht/Documents/code/python/flask/Sketcher/uploads/
saving /home/ht/Documents/code/python/flask/Sketcher/uploads/-images-characters-13-273847.jpg
/home/ht/Documents/code/python/flask/Sketcher
/home/ht/Documents/code/python/flask/Sketcher/uploads/
saving /home/ht/Documents/code/python/flask/Sketcher/uploads/-images-characters-2-38218.jpg
/home/ht/Documents/code/python/flask/Sketcher
/home/ht/Documents/code/python/flask/Sketcher/uploads/
saving /home/ht/Documents/code/python/flask/Sketcher/uploads/-images-characters-2-38218.png
/home/ht/Documents/code/python/flask/Sketcher
/home/ht/Documents/code/python/flask/Sketcher/uploads/
saving /home/ht/Documents/code/python/flask/Sketcher/uploads/-images-characters-2-38218_2.png
/home/ht/Documents/code/python/flask/Sketcher
/home/ht/Documents/code/python/flask/Sketcher/uploads/
saving /home/ht/Documents/code/python/flask/Sketcher/uploads/-images-characters-2-71677.jpg
/home/ht/Documents/code/python/flask/Sketcher
/home/ht/Documents/code/python/flask/Sketcher/uploads/
saving /home/ht/Documents/code/python/flask/Sketcher/uploads/-images-characters-2-38218_2.png
/home/ht/Documents/code/python/flask/Sketcher
/home/ht/Documents/code/python/flask/Sketcher/uploads/
saving /home/ht/Documents/code/python/flask/Sketcher/uploads/-images-characters-2-38218.jpg
/home/ht/Documents/code/python/flask/Sketcher
/home/ht/Documents/code/python/flask/Sketcher/uploads/
saving /home/ht/Documents/code/python/flask/Sketcher/uploads/-images-characters-2-38218.jpg
/home/ht/Documents/code/python/flask/Sketcher
/home/ht/Documents/code/python/flask/Sketcher/uploads/
saving /home/ht/Documents/code/python/flask/Sketcher/uploads/-images-characters-2-34293.jpg
/home/ht/Documents/code/python/flask/Sketcher
/home/ht/Documents/code/python/flask/Sketcher/uploads/
saving /home/ht/Documents/code/python/flask/Sketcher/uploads/-images-characters-2-34293.png
/home/ht/Documents/code/python/flask/Sketcher
/home/ht/Documents/code/python/flask/Sketcher/uploads/
saving /home/ht/Documents/code/python/flask/Sketcher/uploads/-images-characters-2-57181.png
/home/ht/Documents/code/python/flask/Sketcher
/home/ht/Documents/code/python/flask/Sketcher/uploads/
saving /home/ht/Documents/code/python/flask/Sketcher/uploads/-images-characters-2-57181.jpg
/home/ht/Documents/code/python/flask/Sketcher
/home/ht/Documents/code/python/flask/Sketcher/uploads/
saving /home/ht/Documents/code/python/flask/Sketcher/uploads/-images-characters-2-57181.png
/home/ht/Documents/code/python/flask/Sketcher
/home/ht/Documents/code/python/flask/Sketcher/uploads/
saving /home/ht/Documents/code/python/flask/Sketcher/uploads/-images-characters-2-38218_2.png
/home/ht/Documents/code/python/flask/Sketcher
/home/ht/Documents/code/python/flask/Sketcher/uploads/
saving /home/ht/Documents/code/python/flask/Sketcher/uploads/-images-characters-2-48468.jpg
/home/ht/Documents/code/python/flask/Sketcher
/home/ht/Documents/code/python/flask/Sketcher/uploads/
saving /home/ht/Documents/code/python/flask/Sketcher/uploads/-images-characters-2-38218_2.png
/home/ht/Documents/code/python/flask/Sketcher
/home/ht/Documents/code/python/flask/Sketcher/uploads/
saving /home/ht/Documents/code/python/flask/Sketcher/uploads/-images-characters-16-337796.jpg
/home/ht/Documents/code/python/flask/Sketcher
/home/ht/Documents/code/python/flask/Sketcher/uploads/
saving /home/ht/Documents/code/python/flask/Sketcher/uploads/000001.png
/home/ht/Documents/code/python/flask/Sketcher
/home/ht/Documents/code/python/flask/Sketcher/uploads/
saving /home/ht/Documents/code/python/flask/Sketcher/uploads/003034.png
/home/ht/Documents/code/python/flask/Sketcher
/home/ht/Documents/code/python/flask/Sketcher/uploads/
saving /home/ht/Documents/code/python/flask/Sketcher/uploads/000006.png
/home/ht/Documents/code/python/flask/Sketcher
/home/ht/Documents/code/python/flask/Sketcher/uploads/
saving /home/ht/Documents/code/python/flask/Sketcher/uploads/003011.png
/home/ht/Documents/code/python/flask/Sketcher
/home/ht/Documents/code/python/flask/Sketcher/uploads/
saving /home/ht/Documents/code/python/flask/Sketcher/uploads/000001.png
